[2024-01-02 11:10:10 INFO  main] [com.green.greengram3.feed.FeedControllerTest] Starting FeedControllerTest using Java 17.0.8.1 with PID 7852 (started by Administrator in D:\2023\java\greengram3)
[2024-01-02 11:10:10 INFO  main] [com.green.greengram3.feed.FeedControllerTest] No active profile set, falling back to 1 default profile: "default"
[2024-01-02 11:10:11 INFO  main] [org.springframework.boot.autoconfigure.web.servlet.WelcomePageHandlerMapping] Adding welcome page: class path resource [static/index.html]
[2024-01-02 11:10:11 INFO  main] [org.springframework.boot.test.mock.web.SpringBootMockServletContext] Initializing Spring TestDispatcherServlet ''
[2024-01-02 11:10:11 INFO  main] [org.springframework.test.web.servlet.TestDispatcherServlet] Initializing Servlet ''
[2024-01-02 11:10:11 INFO  main] [org.springframework.test.web.servlet.TestDispatcherServlet] Completed initialization in 1 ms
[2024-01-02 11:10:11 INFO  main] [com.green.greengram3.feed.FeedControllerTest] Started FeedControllerTest in 1.95 seconds (process running for 2.886)
[2024-01-02 11:10:11 INFO  main] [com.green.greengram3.feed.FeedController] dto: FeedDelDto(ifeed=1, iuser=2)
[2024-01-02 11:12:25 INFO  main] [com.green.greengram3.feed.FeedControllerTest] Starting FeedControllerTest using Java 17.0.8.1 with PID 4800 (started by Administrator in D:\2023\java\greengram3)
[2024-01-02 11:12:25 INFO  main] [com.green.greengram3.feed.FeedControllerTest] No active profile set, falling back to 1 default profile: "default"
[2024-01-02 11:12:27 INFO  main] [org.springframework.boot.autoconfigure.web.servlet.WelcomePageHandlerMapping] Adding welcome page: class path resource [static/index.html]
[2024-01-02 11:12:27 INFO  main] [org.springframework.boot.test.mock.web.SpringBootMockServletContext] Initializing Spring TestDispatcherServlet ''
[2024-01-02 11:12:27 INFO  main] [org.springframework.test.web.servlet.TestDispatcherServlet] Initializing Servlet ''
[2024-01-02 11:12:27 INFO  main] [org.springframework.test.web.servlet.TestDispatcherServlet] Completed initialization in 1 ms
[2024-01-02 11:12:27 INFO  main] [com.green.greengram3.feed.FeedControllerTest] Started FeedControllerTest in 1.736 seconds (process running for 2.541)
[2024-01-02 11:12:27 INFO  main] [com.green.greengram3.feed.FeedController] dto: FeedDelDto(ifeed=1, iuser=2)
[2024-01-02 11:14:21 INFO  main] [com.green.greengram3.feed.FeedControllerTest] Starting FeedControllerTest using Java 17.0.8.1 with PID 2020 (started by Administrator in D:\2023\java\greengram3)
[2024-01-02 11:14:21 INFO  main] [com.green.greengram3.feed.FeedControllerTest] No active profile set, falling back to 1 default profile: "default"
[2024-01-02 11:14:23 INFO  main] [org.springframework.boot.autoconfigure.web.servlet.WelcomePageHandlerMapping] Adding welcome page: class path resource [static/index.html]
[2024-01-02 11:14:23 INFO  main] [org.springframework.boot.test.mock.web.SpringBootMockServletContext] Initializing Spring TestDispatcherServlet ''
[2024-01-02 11:14:23 INFO  main] [org.springframework.test.web.servlet.TestDispatcherServlet] Initializing Servlet ''
[2024-01-02 11:14:23 INFO  main] [org.springframework.test.web.servlet.TestDispatcherServlet] Completed initialization in 1 ms
[2024-01-02 11:14:23 INFO  main] [com.green.greengram3.feed.FeedControllerTest] Started FeedControllerTest in 1.727 seconds (process running for 2.531)
[2024-01-02 11:14:23 INFO  main] [com.green.greengram3.feed.FeedController] dto: FeedSelDto(page=0, loginedIuser=3, targetIuser=0, isFavList=0, startIdx=0, rowCount=30)
[2024-01-02 11:14:33 INFO  main] [com.green.greengram3.feed.FeedControllerTest] Starting FeedControllerTest using Java 17.0.8.1 with PID 7320 (started by Administrator in D:\2023\java\greengram3)
[2024-01-02 11:14:33 INFO  main] [com.green.greengram3.feed.FeedControllerTest] No active profile set, falling back to 1 default profile: "default"
[2024-01-02 11:14:34 INFO  main] [org.springframework.boot.autoconfigure.web.servlet.WelcomePageHandlerMapping] Adding welcome page: class path resource [static/index.html]
[2024-01-02 11:14:35 INFO  main] [org.springframework.boot.test.mock.web.SpringBootMockServletContext] Initializing Spring TestDispatcherServlet ''
[2024-01-02 11:14:35 INFO  main] [org.springframework.test.web.servlet.TestDispatcherServlet] Initializing Servlet ''
[2024-01-02 11:14:35 INFO  main] [org.springframework.test.web.servlet.TestDispatcherServlet] Completed initialization in 1 ms
[2024-01-02 11:14:35 INFO  main] [com.green.greengram3.feed.FeedControllerTest] Started FeedControllerTest in 1.737 seconds (process running for 2.524)
[2024-01-02 11:14:35 INFO  main] [com.green.greengram3.feed.FeedController] dto: FeedSelDto(page=0, loginedIuser=3, targetIuser=0, isFavList=0, startIdx=0, rowCount=30)
[2024-01-02 11:14:35 INFO  main] [com.green.greengram3.feed.FeedController] dto: FeedDelDto(ifeed=1, iuser=2)
[2024-01-02 13:00:43 INFO  main] [com.green.greengram3.feed.FeedIntegrationTest] Starting FeedIntegrationTest using Java 17.0.8.1 with PID 6124 (started by Administrator in D:\2023\java\greengram3)
[2024-01-02 13:00:43 INFO  main] [com.green.greengram3.feed.FeedIntegrationTest] No active profile set, falling back to 1 default profile: "default"
[2024-01-02 13:00:44 INFO  main] [org.springframework.boot.web.embedded.tomcat.TomcatWebServer] Tomcat initialized with port 0 (http)
[2024-01-02 13:00:44 INFO  main] [org.apache.coyote.http11.Http11NioProtocol] Initializing ProtocolHandler ["http-nio-auto-1"]
[2024-01-02 13:00:44 INFO  main] [org.apache.catalina.core.StandardService] Starting service [Tomcat]
[2024-01-02 13:00:44 INFO  main] [org.apache.catalina.core.StandardEngine] Starting Servlet engine: [Apache Tomcat/10.1.16]
[2024-01-02 13:00:44 INFO  main] [org.apache.catalina.core.ContainerBase.[Tomcat].[localhost].[/]] Initializing Spring embedded WebApplicationContext
[2024-01-02 13:00:44 INFO  main] [org.springframework.boot.web.servlet.context.ServletWebServerApplicationContext] Root WebApplicationContext: initialization completed in 984 ms
[2024-01-02 13:00:44 INFO  main] [com.green.greengram3.common.FirebaseConfiguration] FirebaseApp Initialization Complete !!!
[2024-01-02 13:00:45 INFO  main] [org.springframework.boot.autoconfigure.web.servlet.WelcomePageHandlerMapping] Adding welcome page: class path resource [static/index.html]
[2024-01-02 13:00:45 INFO  main] [org.apache.catalina.core.ContainerBase.[Tomcat].[localhost].[/]] Initializing Spring TestDispatcherServlet ''
[2024-01-02 13:00:45 INFO  main] [org.springframework.test.web.servlet.TestDispatcherServlet] Initializing Servlet ''
[2024-01-02 13:00:45 INFO  main] [org.springframework.test.web.servlet.TestDispatcherServlet] Completed initialization in 1 ms
[2024-01-02 13:00:45 INFO  main] [org.apache.coyote.http11.Http11NioProtocol] Starting ProtocolHandler ["http-nio-auto-1"]
[2024-01-02 13:00:45 INFO  main] [org.springframework.boot.web.embedded.tomcat.TomcatWebServer] Tomcat started on port 51946 (http) with context path ''
[2024-01-02 13:00:45 INFO  main] [com.green.greengram3.feed.FeedIntegrationTest] Started FeedIntegrationTest in 2.082 seconds (process running for 2.926)
[2024-01-02 13:00:45 INFO  main] [com.zaxxer.hikari.HikariDataSource] HikariPool-1 - Starting...
[2024-01-02 13:00:45 INFO  main] [com.zaxxer.hikari.pool.HikariPool] HikariPool-1 - Added connection org.mariadb.jdbc.Connection@39ae6408
[2024-01-02 13:00:45 INFO  main] [com.zaxxer.hikari.HikariDataSource] HikariPool-1 - Start completed.
[2024-01-02 13:00:46 INFO  main] [com.green.greengram3.feed.FeedService] feedAffectedRows : 1
[2024-01-02 13:00:46 INFO  main] [com.green.greengram3.feed.FeedService] feedPicsAffectedRows : 2
[2024-01-02 13:00:46 INFO  SpringApplicationShutdownHook] [com.zaxxer.hikari.HikariDataSource] HikariPool-1 - Shutdown initiated...
[2024-01-02 13:00:46 INFO  SpringApplicationShutdownHook] [com.zaxxer.hikari.HikariDataSource] HikariPool-1 - Shutdown completed.
[2024-01-02 13:04:19 INFO  main] [com.green.greengram3.feed.FeedIntegrationTest] Starting FeedIntegrationTest using Java 17.0.8.1 with PID 8024 (started by Administrator in D:\2023\java\greengram3)
[2024-01-02 13:04:19 INFO  main] [com.green.greengram3.feed.FeedIntegrationTest] No active profile set, falling back to 1 default profile: "default"
[2024-01-02 13:04:20 INFO  main] [org.springframework.boot.web.embedded.tomcat.TomcatWebServer] Tomcat initialized with port 0 (http)
[2024-01-02 13:04:20 INFO  main] [org.apache.coyote.http11.Http11NioProtocol] Initializing ProtocolHandler ["http-nio-auto-1"]
[2024-01-02 13:04:20 INFO  main] [org.apache.catalina.core.StandardService] Starting service [Tomcat]
[2024-01-02 13:04:20 INFO  main] [org.apache.catalina.core.StandardEngine] Starting Servlet engine: [Apache Tomcat/10.1.16]
[2024-01-02 13:04:20 INFO  main] [org.apache.catalina.core.ContainerBase.[Tomcat].[localhost].[/]] Initializing Spring embedded WebApplicationContext
[2024-01-02 13:04:20 INFO  main] [org.springframework.boot.web.servlet.context.ServletWebServerApplicationContext] Root WebApplicationContext: initialization completed in 957 ms
[2024-01-02 13:04:20 INFO  main] [com.green.greengram3.common.FirebaseConfiguration] FirebaseApp Initialization Complete !!!
[2024-01-02 13:04:21 INFO  main] [org.springframework.boot.autoconfigure.web.servlet.WelcomePageHandlerMapping] Adding welcome page: class path resource [static/index.html]
[2024-01-02 13:04:21 INFO  main] [org.apache.catalina.core.ContainerBase.[Tomcat].[localhost].[/]] Initializing Spring TestDispatcherServlet ''
[2024-01-02 13:04:21 INFO  main] [org.springframework.test.web.servlet.TestDispatcherServlet] Initializing Servlet ''
[2024-01-02 13:04:21 INFO  main] [org.springframework.test.web.servlet.TestDispatcherServlet] Completed initialization in 1 ms
[2024-01-02 13:04:21 INFO  main] [org.apache.coyote.http11.Http11NioProtocol] Starting ProtocolHandler ["http-nio-auto-1"]
[2024-01-02 13:04:21 INFO  main] [org.springframework.boot.web.embedded.tomcat.TomcatWebServer] Tomcat started on port 51972 (http) with context path ''
[2024-01-02 13:04:21 INFO  main] [com.green.greengram3.feed.FeedIntegrationTest] Started FeedIntegrationTest in 1.988 seconds (process running for 2.813)
[2024-01-02 13:04:21 INFO  main] [com.zaxxer.hikari.HikariDataSource] HikariPool-1 - Starting...
[2024-01-02 13:04:21 INFO  main] [com.zaxxer.hikari.pool.HikariPool] HikariPool-1 - Added connection org.mariadb.jdbc.Connection@722b3ba2
[2024-01-02 13:04:21 INFO  main] [com.zaxxer.hikari.HikariDataSource] HikariPool-1 - Start completed.
[2024-01-02 13:04:22 INFO  main] [com.green.greengram3.feed.FeedService] feedAffectedRows : 1
[2024-01-02 13:04:22 INFO  main] [com.green.greengram3.feed.FeedService] feedPicsAffectedRows : 2
[2024-01-02 13:04:22 INFO  SpringApplicationShutdownHook] [com.zaxxer.hikari.HikariDataSource] HikariPool-1 - Shutdown initiated...
[2024-01-02 13:04:22 INFO  SpringApplicationShutdownHook] [com.zaxxer.hikari.HikariDataSource] HikariPool-1 - Shutdown completed.
[2024-01-02 13:06:13 INFO  main] [com.green.greengram3.feed.FeedIntegrationTest] Starting FeedIntegrationTest using Java 17.0.8.1 with PID 2904 (started by Administrator in D:\2023\java\greengram3)
[2024-01-02 13:06:13 INFO  main] [com.green.greengram3.feed.FeedIntegrationTest] No active profile set, falling back to 1 default profile: "default"
[2024-01-02 13:06:13 INFO  main] [org.springframework.boot.web.embedded.tomcat.TomcatWebServer] Tomcat initialized with port 0 (http)
[2024-01-02 13:06:13 INFO  main] [org.apache.coyote.http11.Http11NioProtocol] Initializing ProtocolHandler ["http-nio-auto-1"]
[2024-01-02 13:06:13 INFO  main] [org.apache.catalina.core.StandardService] Starting service [Tomcat]
[2024-01-02 13:06:13 INFO  main] [org.apache.catalina.core.StandardEngine] Starting Servlet engine: [Apache Tomcat/10.1.16]
[2024-01-02 13:06:13 INFO  main] [org.apache.catalina.core.ContainerBase.[Tomcat].[localhost].[/]] Initializing Spring embedded WebApplicationContext
[2024-01-02 13:06:13 INFO  main] [org.springframework.boot.web.servlet.context.ServletWebServerApplicationContext] Root WebApplicationContext: initialization completed in 939 ms
[2024-01-02 13:06:14 INFO  main] [com.green.greengram3.common.FirebaseConfiguration] FirebaseApp Initialization Complete !!!
[2024-01-02 13:06:14 INFO  main] [org.springframework.boot.autoconfigure.web.servlet.WelcomePageHandlerMapping] Adding welcome page: class path resource [static/index.html]
[2024-01-02 13:06:14 INFO  main] [org.apache.catalina.core.ContainerBase.[Tomcat].[localhost].[/]] Initializing Spring TestDispatcherServlet ''
[2024-01-02 13:06:14 INFO  main] [org.springframework.test.web.servlet.TestDispatcherServlet] Initializing Servlet ''
[2024-01-02 13:06:14 INFO  main] [org.springframework.test.web.servlet.TestDispatcherServlet] Completed initialization in 1 ms
[2024-01-02 13:06:14 INFO  main] [org.apache.coyote.http11.Http11NioProtocol] Starting ProtocolHandler ["http-nio-auto-1"]
[2024-01-02 13:06:14 INFO  main] [org.springframework.boot.web.embedded.tomcat.TomcatWebServer] Tomcat started on port 52003 (http) with context path ''
[2024-01-02 13:06:14 INFO  main] [com.green.greengram3.feed.FeedIntegrationTest] Started FeedIntegrationTest in 2.002 seconds (process running for 2.861)
[2024-01-02 13:06:14 INFO  main] [com.zaxxer.hikari.HikariDataSource] HikariPool-1 - Starting...
[2024-01-02 13:06:14 INFO  main] [com.zaxxer.hikari.pool.HikariPool] HikariPool-1 - Added connection org.mariadb.jdbc.Connection@6487f7f8
[2024-01-02 13:06:14 INFO  main] [com.zaxxer.hikari.HikariDataSource] HikariPool-1 - Start completed.
[2024-01-02 13:06:15 INFO  main] [com.green.greengram3.feed.FeedService] feedAffectedRows : 1
[2024-01-02 13:06:15 INFO  main] [com.green.greengram3.feed.FeedService] feedPicsAffectedRows : 2
[2024-01-02 13:06:15 INFO  SpringApplicationShutdownHook] [com.zaxxer.hikari.HikariDataSource] HikariPool-1 - Shutdown initiated...
[2024-01-02 13:06:15 INFO  SpringApplicationShutdownHook] [com.zaxxer.hikari.HikariDataSource] HikariPool-1 - Shutdown completed.
[2024-01-02 13:08:18 INFO  main] [com.green.greengram3.feed.FeedIntegrationTest] Starting FeedIntegrationTest using Java 17.0.8.1 with PID 5456 (started by Administrator in D:\2023\java\greengram3)
[2024-01-02 13:08:18 INFO  main] [com.green.greengram3.feed.FeedIntegrationTest] No active profile set, falling back to 1 default profile: "default"
[2024-01-02 13:08:19 INFO  main] [org.springframework.boot.web.embedded.tomcat.TomcatWebServer] Tomcat initialized with port 0 (http)
[2024-01-02 13:08:19 INFO  main] [org.apache.coyote.http11.Http11NioProtocol] Initializing ProtocolHandler ["http-nio-auto-1"]
[2024-01-02 13:08:19 INFO  main] [org.apache.catalina.core.StandardService] Starting service [Tomcat]
[2024-01-02 13:08:19 INFO  main] [org.apache.catalina.core.StandardEngine] Starting Servlet engine: [Apache Tomcat/10.1.16]
[2024-01-02 13:08:19 INFO  main] [org.apache.catalina.core.ContainerBase.[Tomcat].[localhost].[/]] Initializing Spring embedded WebApplicationContext
[2024-01-02 13:08:19 INFO  main] [org.springframework.boot.web.servlet.context.ServletWebServerApplicationContext] Root WebApplicationContext: initialization completed in 954 ms
[2024-01-02 13:08:19 INFO  main] [com.green.greengram3.common.FirebaseConfiguration] FirebaseApp Initialization Complete !!!
[2024-01-02 13:08:19 INFO  main] [org.springframework.boot.autoconfigure.web.servlet.WelcomePageHandlerMapping] Adding welcome page: class path resource [static/index.html]
[2024-01-02 13:08:19 INFO  main] [org.apache.catalina.core.ContainerBase.[Tomcat].[localhost].[/]] Initializing Spring TestDispatcherServlet ''
[2024-01-02 13:08:19 INFO  main] [org.springframework.test.web.servlet.TestDispatcherServlet] Initializing Servlet ''
[2024-01-02 13:08:19 INFO  main] [org.springframework.test.web.servlet.TestDispatcherServlet] Completed initialization in 1 ms
[2024-01-02 13:08:19 INFO  main] [org.apache.coyote.http11.Http11NioProtocol] Starting ProtocolHandler ["http-nio-auto-1"]
[2024-01-02 13:08:19 INFO  main] [org.springframework.boot.web.embedded.tomcat.TomcatWebServer] Tomcat started on port 52023 (http) with context path ''
[2024-01-02 13:08:19 INFO  main] [com.green.greengram3.feed.FeedIntegrationTest] Started FeedIntegrationTest in 1.975 seconds (process running for 2.805)
[2024-01-02 13:08:19 INFO  main] [com.zaxxer.hikari.HikariDataSource] HikariPool-1 - Starting...
[2024-01-02 13:08:19 INFO  main] [com.zaxxer.hikari.pool.HikariPool] HikariPool-1 - Added connection org.mariadb.jdbc.Connection@4bbc02ef
[2024-01-02 13:08:19 INFO  main] [com.zaxxer.hikari.HikariDataSource] HikariPool-1 - Start completed.
[2024-01-02 13:08:20 INFO  main] [com.green.greengram3.feed.FeedService] feedAffectedRows : 1
[2024-01-02 13:08:20 INFO  main] [com.green.greengram3.feed.FeedService] feedPicsAffectedRows : 2
[2024-01-02 13:08:20 INFO  SpringApplicationShutdownHook] [com.zaxxer.hikari.HikariDataSource] HikariPool-1 - Shutdown initiated...
[2024-01-02 13:08:20 INFO  SpringApplicationShutdownHook] [com.zaxxer.hikari.HikariDataSource] HikariPool-1 - Shutdown completed.
[2024-01-02 13:09:13 INFO  main] [com.green.greengram3.feed.FeedIntegrationTest] Starting FeedIntegrationTest using Java 17.0.8.1 with PID 7456 (started by Administrator in D:\2023\java\greengram3)
[2024-01-02 13:09:13 INFO  main] [com.green.greengram3.feed.FeedIntegrationTest] No active profile set, falling back to 1 default profile: "default"
[2024-01-02 13:09:14 INFO  main] [org.springframework.boot.web.embedded.tomcat.TomcatWebServer] Tomcat initialized with port 0 (http)
[2024-01-02 13:09:14 INFO  main] [org.apache.coyote.http11.Http11NioProtocol] Initializing ProtocolHandler ["http-nio-auto-1"]
[2024-01-02 13:09:14 INFO  main] [org.apache.catalina.core.StandardService] Starting service [Tomcat]
[2024-01-02 13:09:14 INFO  main] [org.apache.catalina.core.StandardEngine] Starting Servlet engine: [Apache Tomcat/10.1.16]
[2024-01-02 13:09:14 INFO  main] [org.apache.catalina.core.ContainerBase.[Tomcat].[localhost].[/]] Initializing Spring embedded WebApplicationContext
[2024-01-02 13:09:14 INFO  main] [org.springframework.boot.web.servlet.context.ServletWebServerApplicationContext] Root WebApplicationContext: initialization completed in 965 ms
[2024-01-02 13:09:14 INFO  main] [com.green.greengram3.common.FirebaseConfiguration] FirebaseApp Initialization Complete !!!
[2024-01-02 13:09:15 INFO  main] [org.springframework.boot.autoconfigure.web.servlet.WelcomePageHandlerMapping] Adding welcome page: class path resource [static/index.html]
[2024-01-02 13:09:15 INFO  main] [org.apache.catalina.core.ContainerBase.[Tomcat].[localhost].[/]] Initializing Spring TestDispatcherServlet ''
[2024-01-02 13:09:15 INFO  main] [org.springframework.test.web.servlet.TestDispatcherServlet] Initializing Servlet ''
[2024-01-02 13:09:15 INFO  main] [org.springframework.test.web.servlet.TestDispatcherServlet] Completed initialization in 0 ms
[2024-01-02 13:09:15 INFO  main] [org.apache.coyote.http11.Http11NioProtocol] Starting ProtocolHandler ["http-nio-auto-1"]
[2024-01-02 13:09:15 INFO  main] [org.springframework.boot.web.embedded.tomcat.TomcatWebServer] Tomcat started on port 52038 (http) with context path ''
[2024-01-02 13:09:15 INFO  main] [com.green.greengram3.feed.FeedIntegrationTest] Started FeedIntegrationTest in 2.005 seconds (process running for 2.869)
[2024-01-02 13:09:15 INFO  main] [com.zaxxer.hikari.HikariDataSource] HikariPool-1 - Starting...
[2024-01-02 13:09:15 INFO  main] [com.zaxxer.hikari.pool.HikariPool] HikariPool-1 - Added connection org.mariadb.jdbc.Connection@f0c1ae1
[2024-01-02 13:09:15 INFO  main] [com.zaxxer.hikari.HikariDataSource] HikariPool-1 - Start completed.
[2024-01-02 13:09:16 INFO  main] [com.green.greengram3.feed.FeedService] feedAffectedRows : 1
[2024-01-02 13:09:16 INFO  main] [com.green.greengram3.feed.FeedService] feedPicsAffectedRows : 2
[2024-01-02 13:09:16 INFO  main] [com.green.greengram3.feed.FeedIntegrationTest] content = {"iuser":2,"contents":"통합 테스트 작업 중","location":"그린컴퓨터학원","pics":["https://search.pstatic.net/common/?src=http%3A%2F%2Fblogfiles.naver.net%2FMjAyMzEyMTdfMjc5%2FMDAxNzAyODE4NzY5MTQx.NfakGWVT0TEQOm4Wn0CJ1l97AI1l5fnn_xnq5bztSC4g.qOokq2aQEkZ1oYgGhM7Cz3w-my_sd9XjrhmSnTq2cekg.JPEG.tnrdls215%2FP20231217_084431722_C00CEFDD-43C2-4336-B38D-20EC129E1EE2.JPG&type=a340","https://search.pstatic.net/common/?src=http%3A%2F%2Fblogfiles.naver.net%2F20150128_10%2Fshrinkles_14224321219420Hk2f_JPEG%2F%25B4%25E7%25B1%25D9_%25BB%25F6%25C4%25A5.jpg&type=a340"]}
[2024-01-02 13:09:16 INFO  SpringApplicationShutdownHook] [com.zaxxer.hikari.HikariDataSource] HikariPool-1 - Shutdown initiated...
[2024-01-02 13:09:16 INFO  SpringApplicationShutdownHook] [com.zaxxer.hikari.HikariDataSource] HikariPool-1 - Shutdown completed.
[2024-01-02 13:09:40 INFO  main] [com.green.greengram3.feed.FeedIntegrationTest] Starting FeedIntegrationTest using Java 17.0.8.1 with PID 3036 (started by Administrator in D:\2023\java\greengram3)
[2024-01-02 13:09:40 INFO  main] [com.green.greengram3.feed.FeedIntegrationTest] No active profile set, falling back to 1 default profile: "default"
[2024-01-02 13:09:41 INFO  main] [org.springframework.boot.web.embedded.tomcat.TomcatWebServer] Tomcat initialized with port 0 (http)
[2024-01-02 13:09:41 INFO  main] [org.apache.coyote.http11.Http11NioProtocol] Initializing ProtocolHandler ["http-nio-auto-1"]
[2024-01-02 13:09:41 INFO  main] [org.apache.catalina.core.StandardService] Starting service [Tomcat]
[2024-01-02 13:09:41 INFO  main] [org.apache.catalina.core.StandardEngine] Starting Servlet engine: [Apache Tomcat/10.1.16]
[2024-01-02 13:09:41 INFO  main] [org.apache.catalina.core.ContainerBase.[Tomcat].[localhost].[/]] Initializing Spring embedded WebApplicationContext
[2024-01-02 13:09:41 INFO  main] [org.springframework.boot.web.servlet.context.ServletWebServerApplicationContext] Root WebApplicationContext: initialization completed in 954 ms
[2024-01-02 13:09:41 INFO  main] [com.green.greengram3.common.FirebaseConfiguration] FirebaseApp Initialization Complete !!!
[2024-01-02 13:09:42 INFO  main] [org.springframework.boot.autoconfigure.web.servlet.WelcomePageHandlerMapping] Adding welcome page: class path resource [static/index.html]
[2024-01-02 13:09:42 INFO  main] [org.apache.catalina.core.ContainerBase.[Tomcat].[localhost].[/]] Initializing Spring TestDispatcherServlet ''
[2024-01-02 13:09:42 INFO  main] [org.springframework.test.web.servlet.TestDispatcherServlet] Initializing Servlet ''
[2024-01-02 13:09:42 INFO  main] [org.springframework.test.web.servlet.TestDispatcherServlet] Completed initialization in 1 ms
[2024-01-02 13:09:42 INFO  main] [org.apache.coyote.http11.Http11NioProtocol] Starting ProtocolHandler ["http-nio-auto-1"]
[2024-01-02 13:09:42 INFO  main] [org.springframework.boot.web.embedded.tomcat.TomcatWebServer] Tomcat started on port 52054 (http) with context path ''
[2024-01-02 13:09:42 INFO  main] [com.green.greengram3.feed.FeedIntegrationTest] Started FeedIntegrationTest in 1.988 seconds (process running for 2.832)
[2024-01-02 13:09:42 INFO  main] [com.zaxxer.hikari.HikariDataSource] HikariPool-1 - Starting...
[2024-01-02 13:09:42 INFO  main] [com.zaxxer.hikari.pool.HikariPool] HikariPool-1 - Added connection org.mariadb.jdbc.Connection@2b62475a
[2024-01-02 13:09:42 INFO  main] [com.zaxxer.hikari.HikariDataSource] HikariPool-1 - Start completed.
[2024-01-02 13:09:43 INFO  main] [com.green.greengram3.feed.FeedService] feedAffectedRows : 1
[2024-01-02 13:09:43 INFO  main] [com.green.greengram3.feed.FeedService] feedPicsAffectedRows : 2
[2024-01-02 13:09:43 INFO  main] [com.green.greengram3.feed.FeedIntegrationTest] content222 = {"iuser":2,"contents":"통합 테스트 작업 중","location":"그린컴퓨터학원","pics":["https://search.pstatic.net/common/?src=http%3A%2F%2Fblogfiles.naver.net%2FMjAyMzEyMTdfMjc5%2FMDAxNzAyODE4NzY5MTQx.NfakGWVT0TEQOm4Wn0CJ1l97AI1l5fnn_xnq5bztSC4g.qOokq2aQEkZ1oYgGhM7Cz3w-my_sd9XjrhmSnTq2cekg.JPEG.tnrdls215%2FP20231217_084431722_C00CEFDD-43C2-4336-B38D-20EC129E1EE2.JPG&type=a340","https://search.pstatic.net/common/?src=http%3A%2F%2Fblogfiles.naver.net%2F20150128_10%2Fshrinkles_14224321219420Hk2f_JPEG%2F%25B4%25E7%25B1%25D9_%25BB%25F6%25C4%25A5.jpg&type=a340"]}
[2024-01-02 13:09:43 INFO  SpringApplicationShutdownHook] [com.zaxxer.hikari.HikariDataSource] HikariPool-1 - Shutdown initiated...
[2024-01-02 13:09:43 INFO  SpringApplicationShutdownHook] [com.zaxxer.hikari.HikariDataSource] HikariPool-1 - Shutdown completed.
[2024-01-02 13:11:41 INFO  main] [com.green.greengram3.feed.FeedIntegrationTest] Starting FeedIntegrationTest using Java 17.0.8.1 with PID 8156 (started by Administrator in D:\2023\java\greengram3)
[2024-01-02 13:11:41 INFO  main] [com.green.greengram3.feed.FeedIntegrationTest] No active profile set, falling back to 1 default profile: "default"
[2024-01-02 13:11:42 INFO  main] [org.springframework.boot.web.embedded.tomcat.TomcatWebServer] Tomcat initialized with port 0 (http)
[2024-01-02 13:11:42 INFO  main] [org.apache.coyote.http11.Http11NioProtocol] Initializing ProtocolHandler ["http-nio-auto-1"]
[2024-01-02 13:11:42 INFO  main] [org.apache.catalina.core.StandardService] Starting service [Tomcat]
[2024-01-02 13:11:42 INFO  main] [org.apache.catalina.core.StandardEngine] Starting Servlet engine: [Apache Tomcat/10.1.16]
[2024-01-02 13:11:42 INFO  main] [org.apache.catalina.core.ContainerBase.[Tomcat].[localhost].[/]] Initializing Spring embedded WebApplicationContext
[2024-01-02 13:11:42 INFO  main] [org.springframework.boot.web.servlet.context.ServletWebServerApplicationContext] Root WebApplicationContext: initialization completed in 953 ms
[2024-01-02 13:11:42 INFO  main] [com.green.greengram3.common.FirebaseConfiguration] FirebaseApp Initialization Complete !!!
[2024-01-02 13:11:42 INFO  main] [org.springframework.boot.autoconfigure.web.servlet.WelcomePageHandlerMapping] Adding welcome page: class path resource [static/index.html]
[2024-01-02 13:11:43 INFO  main] [org.apache.catalina.core.ContainerBase.[Tomcat].[localhost].[/]] Initializing Spring TestDispatcherServlet ''
[2024-01-02 13:11:43 INFO  main] [org.springframework.test.web.servlet.TestDispatcherServlet] Initializing Servlet ''
[2024-01-02 13:11:43 INFO  main] [org.springframework.test.web.servlet.TestDispatcherServlet] Completed initialization in 1 ms
[2024-01-02 13:11:43 INFO  main] [org.apache.coyote.http11.Http11NioProtocol] Starting ProtocolHandler ["http-nio-auto-1"]
[2024-01-02 13:11:43 INFO  main] [org.springframework.boot.web.embedded.tomcat.TomcatWebServer] Tomcat started on port 52071 (http) with context path ''
[2024-01-02 13:11:43 INFO  main] [com.green.greengram3.feed.FeedIntegrationTest] Started FeedIntegrationTest in 1.99 seconds (process running for 2.854)
[2024-01-02 13:11:43 INFO  main] [com.zaxxer.hikari.HikariDataSource] HikariPool-1 - Starting...
[2024-01-02 13:11:43 INFO  main] [com.zaxxer.hikari.pool.HikariPool] HikariPool-1 - Added connection org.mariadb.jdbc.Connection@4bbc02ef
[2024-01-02 13:11:43 INFO  main] [com.zaxxer.hikari.HikariDataSource] HikariPool-1 - Start completed.
[2024-01-02 13:11:44 INFO  main] [com.green.greengram3.feed.FeedService] feedAffectedRows : 1
[2024-01-02 13:11:44 INFO  main] [com.green.greengram3.feed.FeedService] feedPicsAffectedRows : 2
[2024-01-02 13:11:44 INFO  main] [com.green.greengram3.feed.FeedIntegrationTest] content222 = {"result":115}
[2024-01-02 13:11:44 INFO  SpringApplicationShutdownHook] [com.zaxxer.hikari.HikariDataSource] HikariPool-1 - Shutdown initiated...
[2024-01-02 13:11:44 INFO  SpringApplicationShutdownHook] [com.zaxxer.hikari.HikariDataSource] HikariPool-1 - Shutdown completed.
[2024-01-02 13:15:58 INFO  main] [com.green.greengram3.feed.FeedIntegrationTest] Starting FeedIntegrationTest using Java 17.0.8.1 with PID 9064 (started by Administrator in D:\2023\java\greengram3)
[2024-01-02 13:15:58 INFO  main] [com.green.greengram3.feed.FeedIntegrationTest] No active profile set, falling back to 1 default profile: "default"
[2024-01-02 13:15:59 INFO  main] [org.springframework.boot.web.embedded.tomcat.TomcatWebServer] Tomcat initialized with port 0 (http)
[2024-01-02 13:15:59 INFO  main] [org.apache.coyote.http11.Http11NioProtocol] Initializing ProtocolHandler ["http-nio-auto-1"]
[2024-01-02 13:15:59 INFO  main] [org.apache.catalina.core.StandardService] Starting service [Tomcat]
[2024-01-02 13:15:59 INFO  main] [org.apache.catalina.core.StandardEngine] Starting Servlet engine: [Apache Tomcat/10.1.16]
[2024-01-02 13:15:59 INFO  main] [org.apache.catalina.core.ContainerBase.[Tomcat].[localhost].[/]] Initializing Spring embedded WebApplicationContext
[2024-01-02 13:15:59 INFO  main] [org.springframework.boot.web.servlet.context.ServletWebServerApplicationContext] Root WebApplicationContext: initialization completed in 930 ms
[2024-01-02 13:15:59 INFO  main] [com.green.greengram3.common.FirebaseConfiguration] FirebaseApp Initialization Complete !!!
[2024-01-02 13:16:00 INFO  main] [org.springframework.boot.autoconfigure.web.servlet.WelcomePageHandlerMapping] Adding welcome page: class path resource [static/index.html]
[2024-01-02 13:16:00 INFO  main] [org.apache.catalina.core.ContainerBase.[Tomcat].[localhost].[/]] Initializing Spring TestDispatcherServlet ''
[2024-01-02 13:16:00 INFO  main] [org.springframework.test.web.servlet.TestDispatcherServlet] Initializing Servlet ''
[2024-01-02 13:16:00 INFO  main] [org.springframework.test.web.servlet.TestDispatcherServlet] Completed initialization in 1 ms
[2024-01-02 13:16:00 INFO  main] [org.apache.coyote.http11.Http11NioProtocol] Starting ProtocolHandler ["http-nio-auto-1"]
[2024-01-02 13:16:00 INFO  main] [org.springframework.boot.web.embedded.tomcat.TomcatWebServer] Tomcat started on port 52111 (http) with context path ''
[2024-01-02 13:16:00 INFO  main] [com.green.greengram3.feed.FeedIntegrationTest] Started FeedIntegrationTest in 1.967 seconds (process running for 2.838)
[2024-01-02 13:16:00 INFO  main] [com.zaxxer.hikari.HikariDataSource] HikariPool-1 - Starting...
[2024-01-02 13:16:00 INFO  main] [com.zaxxer.hikari.pool.HikariPool] HikariPool-1 - Added connection org.mariadb.jdbc.Connection@4bbc02ef
[2024-01-02 13:16:00 INFO  main] [com.zaxxer.hikari.HikariDataSource] HikariPool-1 - Start completed.
[2024-01-02 13:16:01 INFO  main] [com.green.greengram3.feed.FeedService] feedAffectedRows : 1
[2024-01-02 13:16:01 INFO  main] [com.green.greengram3.feed.FeedService] feedPicsAffectedRows : 2
[2024-01-02 13:16:01 INFO  main] [com.green.greengram3.feed.FeedIntegrationTest] content222 = {"result":116}
[2024-01-02 13:16:01 INFO  SpringApplicationShutdownHook] [com.zaxxer.hikari.HikariDataSource] HikariPool-1 - Shutdown initiated...
[2024-01-02 13:16:01 INFO  SpringApplicationShutdownHook] [com.zaxxer.hikari.HikariDataSource] HikariPool-1 - Shutdown completed.
[2024-01-02 13:16:53 INFO  main] [com.green.greengram3.feed.FeedIntegrationTest] Starting FeedIntegrationTest using Java 17.0.8.1 with PID 5524 (started by Administrator in D:\2023\java\greengram3)
[2024-01-02 13:16:53 INFO  main] [com.green.greengram3.feed.FeedIntegrationTest] No active profile set, falling back to 1 default profile: "default"
[2024-01-02 13:16:54 INFO  main] [org.springframework.boot.web.embedded.tomcat.TomcatWebServer] Tomcat initialized with port 0 (http)
[2024-01-02 13:16:54 INFO  main] [org.apache.coyote.http11.Http11NioProtocol] Initializing ProtocolHandler ["http-nio-auto-1"]
[2024-01-02 13:16:54 INFO  main] [org.apache.catalina.core.StandardService] Starting service [Tomcat]
[2024-01-02 13:16:54 INFO  main] [org.apache.catalina.core.StandardEngine] Starting Servlet engine: [Apache Tomcat/10.1.16]
[2024-01-02 13:16:54 INFO  main] [org.apache.catalina.core.ContainerBase.[Tomcat].[localhost].[/]] Initializing Spring embedded WebApplicationContext
[2024-01-02 13:16:54 INFO  main] [org.springframework.boot.web.servlet.context.ServletWebServerApplicationContext] Root WebApplicationContext: initialization completed in 933 ms
[2024-01-02 13:16:54 INFO  main] [com.green.greengram3.common.FirebaseConfiguration] FirebaseApp Initialization Complete !!!
[2024-01-02 13:16:55 INFO  main] [org.springframework.boot.autoconfigure.web.servlet.WelcomePageHandlerMapping] Adding welcome page: class path resource [static/index.html]
[2024-01-02 13:16:55 INFO  main] [org.apache.catalina.core.ContainerBase.[Tomcat].[localhost].[/]] Initializing Spring TestDispatcherServlet ''
[2024-01-02 13:16:55 INFO  main] [org.springframework.test.web.servlet.TestDispatcherServlet] Initializing Servlet ''
[2024-01-02 13:16:55 INFO  main] [org.springframework.test.web.servlet.TestDispatcherServlet] Completed initialization in 1 ms
[2024-01-02 13:16:55 INFO  main] [org.apache.coyote.http11.Http11NioProtocol] Starting ProtocolHandler ["http-nio-auto-1"]
[2024-01-02 13:16:55 INFO  main] [org.springframework.boot.web.embedded.tomcat.TomcatWebServer] Tomcat started on port 52128 (http) with context path ''
[2024-01-02 13:16:55 INFO  main] [com.green.greengram3.feed.FeedIntegrationTest] Started FeedIntegrationTest in 1.946 seconds (process running for 2.779)
[2024-01-02 13:16:55 INFO  main] [com.zaxxer.hikari.HikariDataSource] HikariPool-1 - Starting...
[2024-01-02 13:16:55 INFO  main] [com.zaxxer.hikari.pool.HikariPool] HikariPool-1 - Added connection org.mariadb.jdbc.Connection@24dc150c
[2024-01-02 13:16:55 INFO  main] [com.zaxxer.hikari.HikariDataSource] HikariPool-1 - Start completed.
[2024-01-02 13:16:56 INFO  main] [com.green.greengram3.feed.FeedService] feedAffectedRows : 1
[2024-01-02 13:16:56 INFO  main] [com.green.greengram3.feed.FeedService] feedPicsAffectedRows : 2
[2024-01-02 13:16:56 INFO  main] [com.green.greengram3.feed.FeedIntegrationTest] content222 = {"result":117}
[2024-01-02 13:16:56 INFO  main] [com.green.greengram3.feed.FeedIntegrationTest] resVo :117
[2024-01-02 13:16:56 INFO  SpringApplicationShutdownHook] [com.zaxxer.hikari.HikariDataSource] HikariPool-1 - Shutdown initiated...
[2024-01-02 13:16:56 INFO  SpringApplicationShutdownHook] [com.zaxxer.hikari.HikariDataSource] HikariPool-1 - Shutdown completed.
