[2023-12-13 11:09:39 [32mINFO [0;39m restartedMain] [com.green.greengram3.Greengram3Application] [36mStarting Greengram3Application using Java 17.0.8.1 with PID 1236 (D:\2023\java\greengram3\target\classes started by Administrator in D:\2023\java\greengram3)[0;39m
[2023-12-13 11:09:39 [32mINFO [0;39m restartedMain] [com.green.greengram3.Greengram3Application] [36mNo active profile set, falling back to 1 default profile: "default"[0;39m
[2023-12-13 11:09:39 [32mINFO [0;39m restartedMain] [org.springframework.boot.devtools.env.DevToolsPropertyDefaultsPostProcessor] [36mDevtools property defaults active! Set 'spring.devtools.add-properties' to 'false' to disable[0;39m
[2023-12-13 11:09:39 [32mINFO [0;39m restartedMain] [org.springframework.boot.devtools.env.DevToolsPropertyDefaultsPostProcessor] [36mFor additional web related logging consider setting the 'logging.level.web' property to 'DEBUG'[0;39m
[2023-12-13 11:09:40 [32mINFO [0;39m restartedMain] [org.springframework.boot.web.embedded.tomcat.TomcatWebServer] [36mTomcat initialized with port 8080 (http)[0;39m
[2023-12-13 11:09:40 [32mINFO [0;39m restartedMain] [org.apache.coyote.http11.Http11NioProtocol] [36mInitializing ProtocolHandler ["http-nio-8080"][0;39m
[2023-12-13 11:09:40 [32mINFO [0;39m restartedMain] [org.apache.catalina.core.StandardService] [36mStarting service [Tomcat][0;39m
[2023-12-13 11:09:40 [32mINFO [0;39m restartedMain] [org.apache.catalina.core.StandardEngine] [36mStarting Servlet engine: [Apache Tomcat/10.1.16][0;39m
[2023-12-13 11:09:40 [32mINFO [0;39m restartedMain] [org.apache.catalina.core.ContainerBase.[Tomcat].[localhost].[/]] [36mInitializing Spring embedded WebApplicationContext[0;39m
[2023-12-13 11:09:40 [32mINFO [0;39m restartedMain] [org.springframework.boot.web.servlet.context.ServletWebServerApplicationContext] [36mRoot WebApplicationContext: initialization completed in 946 ms[0;39m
[2023-12-13 11:09:41 [32mINFO [0;39m restartedMain] [org.springframework.boot.autoconfigure.web.servlet.WelcomePageHandlerMapping] [36mAdding welcome page: class path resource [static/index.html][0;39m
[2023-12-13 11:09:41 [33mWARN [0;39m restartedMain] [org.springframework.boot.devtools.autoconfigure.OptionalLiveReloadServer] [36mUnable to start LiveReload server[0;39m
[2023-12-13 11:09:41 [32mINFO [0;39m restartedMain] [org.apache.coyote.http11.Http11NioProtocol] [36mStarting ProtocolHandler ["http-nio-8080"][0;39m
[2023-12-13 11:09:41 [32mINFO [0;39m restartedMain] [org.springframework.boot.web.embedded.tomcat.TomcatWebServer] [36mTomcat started on port 8080 (http) with context path ''[0;39m
[2023-12-13 11:09:41 [32mINFO [0;39m restartedMain] [com.green.greengram3.Greengram3Application] [36mStarted Greengram3Application in 1.92 seconds (process running for 2.361)[0;39m
[2023-12-13 11:09:48 [32mINFO [0;39m http-nio-8080-exec-1] [org.apache.catalina.core.ContainerBase.[Tomcat].[localhost].[/]] [36mInitializing Spring DispatcherServlet 'dispatcherServlet'[0;39m
[2023-12-13 11:09:48 [32mINFO [0;39m http-nio-8080-exec-1] [org.springframework.web.servlet.DispatcherServlet] [36mInitializing Servlet 'dispatcherServlet'[0;39m
[2023-12-13 11:09:48 [32mINFO [0;39m http-nio-8080-exec-1] [org.springframework.web.servlet.DispatcherServlet] [36mCompleted initialization in 1 ms[0;39m
[2023-12-13 11:09:48 [32mINFO [0;39m http-nio-8080-exec-3] [com.green.greengram3.feed.FeedController] [36mdto: FeedSelDto(page=0, loginedIuser=4, targetIuser=0, isFavList=0, startIdx=0, rowCount=20)[0;39m
[2023-12-13 11:09:48 [32mINFO [0;39m http-nio-8080-exec-3] [com.zaxxer.hikari.HikariDataSource] [36mHikariPool-1 - Starting...[0;39m
[2023-12-13 11:09:48 [32mINFO [0;39m http-nio-8080-exec-3] [com.zaxxer.hikari.pool.HikariPool] [36mHikariPool-1 - Added connection org.mariadb.jdbc.Connection@2d01e111[0;39m
[2023-12-13 11:09:48 [32mINFO [0;39m http-nio-8080-exec-3] [com.zaxxer.hikari.HikariDataSource] [36mHikariPool-1 - Start completed.[0;39m
[2023-12-13 11:09:51 [32mINFO [0;39m http-nio-8080-exec-6] [com.green.greengram3.feed.FeedController] [36mdto: FeedSelDto(page=0, loginedIuser=4, targetIuser=4, isFavList=0, startIdx=0, rowCount=20)[0;39m
[2023-12-13 11:09:51 [32mINFO [0;39m http-nio-8080-exec-9] [com.green.greengram3.feed.FeedController] [36mdto: FeedSelDto(page=0, loginedIuser=4, targetIuser=0, isFavList=1, startIdx=0, rowCount=20)[0;39m
[2023-12-13 11:47:14 [32mINFO [0;39m http-nio-8080-exec-1] [com.green.greengram3.feed.FeedController] [36mdto: FeedSelDto(page=0, loginedIuser=4, targetIuser=0, isFavList=0, startIdx=0, rowCount=20)[0;39m
[2023-12-13 12:30:15 [32mINFO [0;39m http-nio-8080-exec-4] [com.green.greengram3.feed.FeedController] [36mdto: FeedSelDto(page=0, loginedIuser=4, targetIuser=0, isFavList=0, startIdx=20, rowCount=20)[0;39m
[2023-12-13 12:30:20 [32mINFO [0;39m http-nio-8080-exec-2] [com.green.greengram3.feed.FeedController] [36mdto: FeedSelDto(page=0, loginedIuser=4, targetIuser=0, isFavList=0, startIdx=40, rowCount=20)[0;39m
[2023-12-13 12:30:22 [32mINFO [0;39m http-nio-8080-exec-6] [com.green.greengram3.feed.FeedController] [36mdto: FeedSelDto(page=0, loginedIuser=4, targetIuser=0, isFavList=0, startIdx=60, rowCount=20)[0;39m
[2023-12-13 12:30:28 [32mINFO [0;39m http-nio-8080-exec-3] [com.green.greengram3.feed.FeedCommentController] [36mdto: FeedCommentInsDto(ifeedComment=0, iuser=4, ifeed=61, comment=ㅇㅇ)[0;39m
[2023-12-13 15:20:53 [32mINFO [0;39m http-nio-8080-exec-2] [com.green.greengram3.feed.FeedController] [36mdto: FeedSelDto(page=0, loginedIuser=4, targetIuser=4, isFavList=0, startIdx=0, rowCount=20)[0;39m
[2023-12-13 15:20:53 [32mINFO [0;39m http-nio-8080-exec-5] [com.green.greengram3.feed.FeedController] [36mdto: FeedSelDto(page=0, loginedIuser=4, targetIuser=0, isFavList=1, startIdx=0, rowCount=20)[0;39m
[2023-12-13 15:33:06 [32mINFO [0;39m http-nio-8080-exec-2] [com.green.greengram3.feed.FeedController] [36mdto: FeedSelDto(page=0, loginedIuser=4, targetIuser=0, isFavList=0, startIdx=0, rowCount=20)[0;39m
[2023-12-13 15:53:41 [32mINFO [0;39m SpringApplicationShutdownHook] [com.zaxxer.hikari.HikariDataSource] [36mHikariPool-1 - Shutdown initiated...[0;39m
[2023-12-13 15:53:41 [32mINFO [0;39m SpringApplicationShutdownHook] [com.zaxxer.hikari.HikariDataSource] [36mHikariPool-1 - Shutdown completed.[0;39m
